mode: set
github.com/whysmx/serial-server/config.go:41.41,45.49 2 1
github.com/whysmx/serial-server/config.go:45.49,47.3 1 1
github.com/whysmx/serial-server/config.go:50.2,51.16 2 1
github.com/whysmx/serial-server/config.go:51.16,53.3 1 0
github.com/whysmx/serial-server/config.go:56.2,56.44 1 1
github.com/whysmx/serial-server/config.go:56.44,58.58 1 1
github.com/whysmx/serial-server/config.go:58.58,59.12 1 1
github.com/whysmx/serial-server/config.go:62.3,63.17 2 1
github.com/whysmx/serial-server/config.go:63.17,65.4 1 1
github.com/whysmx/serial-server/config.go:66.3,66.22 1 1
github.com/whysmx/serial-server/config.go:66.22,68.4 1 1
github.com/whysmx/serial-server/config.go:71.2,71.17 1 1
github.com/whysmx/serial-server/config.go:75.74,78.22 2 1
github.com/whysmx/serial-server/config.go:78.22,80.3 1 1
github.com/whysmx/serial-server/config.go:83.2,84.57 2 1
github.com/whysmx/serial-server/config.go:84.57,86.3 1 1
github.com/whysmx/serial-server/config.go:88.2,100.81 2 1
github.com/whysmx/serial-server/config.go:100.81,102.3 1 1
github.com/whysmx/serial-server/config.go:103.2,103.81 1 1
github.com/whysmx/serial-server/config.go:103.81,105.3 1 0
github.com/whysmx/serial-server/config.go:106.2,106.81 1 1
github.com/whysmx/serial-server/config.go:106.81,108.3 1 0
github.com/whysmx/serial-server/config.go:109.2,109.60 1 1
github.com/whysmx/serial-server/config.go:109.60,111.3 1 1
github.com/whysmx/serial-server/config.go:112.2,112.82 1 1
github.com/whysmx/serial-server/config.go:112.82,114.3 1 1
github.com/whysmx/serial-server/config.go:116.2,116.22 1 1
github.com/whysmx/serial-server/config.go:120.43,123.41 2 1
github.com/whysmx/serial-server/config.go:123.41,128.43 5 1
github.com/whysmx/serial-server/config.go:128.43,130.4 1 0
github.com/whysmx/serial-server/config.go:131.3,131.43 1 1
github.com/whysmx/serial-server/config.go:131.43,133.4 1 0
github.com/whysmx/serial-server/config.go:134.3,134.39 1 1
github.com/whysmx/serial-server/config.go:134.39,136.4 1 1
github.com/whysmx/serial-server/config.go:137.3,137.53 1 1
github.com/whysmx/serial-server/config.go:137.53,139.4 1 1
github.com/whysmx/serial-server/config.go:143.2,144.47 2 1
github.com/whysmx/serial-server/config.go:144.47,146.3 1 0
github.com/whysmx/serial-server/config.go:148.2,148.28 1 1
github.com/whysmx/serial-server/config.go:152.63,153.32 1 1
github.com/whysmx/serial-server/config.go:153.32,154.27 1 1
github.com/whysmx/serial-server/config.go:154.27,156.4 1 1
github.com/whysmx/serial-server/config.go:158.2,158.12 1 1
github.com/whysmx/serial-server/config.go:162.66,163.32 1 1
github.com/whysmx/serial-server/config.go:163.32,164.21 1 1
github.com/whysmx/serial-server/config.go:164.21,166.4 1 1
github.com/whysmx/serial-server/config.go:168.2,168.12 1 1
github.com/whysmx/serial-server/config.go:172.46,174.32 2 1
github.com/whysmx/serial-server/config.go:174.32,175.21 1 1
github.com/whysmx/serial-server/config.go:175.21,177.4 1 1
github.com/whysmx/serial-server/config.go:179.2,179.28 1 1
github.com/whysmx/serial-server/config.go:183.56,185.2 1 1
github.com/whysmx/serial-server/frp.go:22.61,29.2 3 0
github.com/whysmx/serial-server/frp.go:40.26,47.2 1 0
github.com/whysmx/serial-server/frp.go:50.76,57.2 1 0
github.com/whysmx/serial-server/frp.go:60.46,62.16 2 0
github.com/whysmx/serial-server/frp.go:62.16,64.3 1 0
github.com/whysmx/serial-server/frp.go:65.2,68.16 3 0
github.com/whysmx/serial-server/frp.go:68.16,70.3 1 0
github.com/whysmx/serial-server/frp.go:71.2,73.38 2 0
github.com/whysmx/serial-server/frp.go:73.38,75.3 1 0
github.com/whysmx/serial-server/frp.go:77.2,78.16 2 0
github.com/whysmx/serial-server/frp.go:78.16,80.3 1 0
github.com/whysmx/serial-server/frp.go:82.2,82.26 1 0
github.com/whysmx/serial-server/frp.go:86.49,88.16 2 0
github.com/whysmx/serial-server/frp.go:88.16,90.3 1 0
github.com/whysmx/serial-server/frp.go:91.2,95.16 4 0
github.com/whysmx/serial-server/frp.go:95.16,97.3 1 0
github.com/whysmx/serial-server/frp.go:98.2,100.38 2 0
github.com/whysmx/serial-server/frp.go:100.38,103.3 2 0
github.com/whysmx/serial-server/frp.go:105.2,105.12 1 0
github.com/whysmx/serial-server/frp.go:109.33,111.16 2 0
github.com/whysmx/serial-server/frp.go:111.16,113.3 1 0
github.com/whysmx/serial-server/frp.go:114.2,117.16 3 0
github.com/whysmx/serial-server/frp.go:117.16,119.3 1 0
github.com/whysmx/serial-server/frp.go:120.2,122.38 2 0
github.com/whysmx/serial-server/frp.go:122.38,125.3 2 0
github.com/whysmx/serial-server/frp.go:127.2,127.12 1 0
github.com/whysmx/serial-server/frp.go:131.152,133.16 2 0
github.com/whysmx/serial-server/frp.go:133.16,135.3 1 0
github.com/whysmx/serial-server/frp.go:137.2,141.29 4 0
github.com/whysmx/serial-server/frp.go:141.29,143.49 2 0
github.com/whysmx/serial-server/frp.go:143.49,144.12 1 0
github.com/whysmx/serial-server/frp.go:147.3,147.67 1 0
github.com/whysmx/serial-server/frp.go:147.67,149.31 2 0
github.com/whysmx/serial-server/frp.go:149.31,152.5 2 0
github.com/whysmx/serial-server/frp.go:152.10,154.5 1 0
github.com/whysmx/serial-server/frp.go:155.4,155.12 1 0
github.com/whysmx/serial-server/frp.go:158.3,158.16 1 0
github.com/whysmx/serial-server/frp.go:158.16,159.46 1 0
github.com/whysmx/serial-server/frp.go:159.46,162.10 2 0
github.com/whysmx/serial-server/frp.go:167.2,167.21 1 0
github.com/whysmx/serial-server/frp.go:167.21,169.3 1 0
github.com/whysmx/serial-server/frp.go:172.2,173.29 2 0
github.com/whysmx/serial-server/frp.go:173.29,175.67 2 0
github.com/whysmx/serial-server/frp.go:175.67,177.32 2 0
github.com/whysmx/serial-server/frp.go:177.32,179.35 1 0
github.com/whysmx/serial-server/frp.go:179.35,181.46 2 0
github.com/whysmx/serial-server/frp.go:181.46,182.12 1 0
github.com/whysmx/serial-server/frp.go:184.6,184.45 1 0
github.com/whysmx/serial-server/frp.go:184.45,186.7 1 0
github.com/whysmx/serial-server/frp.go:186.12,186.54 1 0
github.com/whysmx/serial-server/frp.go:186.54,188.7 1 0
github.com/whysmx/serial-server/frp.go:188.12,188.46 1 0
github.com/whysmx/serial-server/frp.go:188.46,190.7 1 0
github.com/whysmx/serial-server/frp.go:190.12,190.58 1 0
github.com/whysmx/serial-server/frp.go:190.58,192.7 1 0
github.com/whysmx/serial-server/frp.go:192.12,192.59 1 0
github.com/whysmx/serial-server/frp.go:192.59,194.7 1 0
github.com/whysmx/serial-server/frp.go:196.5,196.10 1 0
github.com/whysmx/serial-server/frp.go:201.2,201.78 1 0
github.com/whysmx/serial-server/frp.go:205.74,207.16 2 0
github.com/whysmx/serial-server/frp.go:207.16,209.3 1 0
github.com/whysmx/serial-server/frp.go:212.2,213.16 2 0
github.com/whysmx/serial-server/frp.go:213.16,215.3 1 0
github.com/whysmx/serial-server/frp.go:218.2,218.48 1 0
github.com/whysmx/serial-server/frp.go:218.48,220.3 1 0
github.com/whysmx/serial-server/frp.go:224.2,226.20 3 0
github.com/whysmx/serial-server/frp.go:226.20,230.29 3 0
github.com/whysmx/serial-server/frp.go:230.29,232.4 1 0
github.com/whysmx/serial-server/frp.go:232.9,234.4 1 0
github.com/whysmx/serial-server/frp.go:235.8,238.3 1 0
github.com/whysmx/serial-server/frp.go:241.2,249.19 7 0
github.com/whysmx/serial-server/frp.go:249.19,251.3 1 0
github.com/whysmx/serial-server/frp.go:252.2,252.20 1 0
github.com/whysmx/serial-server/frp.go:252.20,254.3 1 0
github.com/whysmx/serial-server/frp.go:255.2,261.47 3 0
github.com/whysmx/serial-server/frp.go:261.47,263.3 1 0
github.com/whysmx/serial-server/frp.go:266.2,266.35 1 0
github.com/whysmx/serial-server/frp.go:266.35,268.3 1 0
github.com/whysmx/serial-server/frp.go:270.2,270.12 1 0
github.com/whysmx/serial-server/frp.go:274.62,279.29 4 0
github.com/whysmx/serial-server/frp.go:279.29,281.49 2 0
github.com/whysmx/serial-server/frp.go:281.49,282.12 1 0
github.com/whysmx/serial-server/frp.go:286.3,286.67 1 0
github.com/whysmx/serial-server/frp.go:286.67,288.12 2 0
github.com/whysmx/serial-server/frp.go:292.3,292.28 1 0
github.com/whysmx/serial-server/frp.go:292.28,293.48 1 0
github.com/whysmx/serial-server/frp.go:293.48,294.48 1 0
github.com/whysmx/serial-server/frp.go:294.48,296.6 1 0
github.com/whysmx/serial-server/frp.go:301.3,301.53 1 0
github.com/whysmx/serial-server/frp.go:301.53,303.4 1 0
github.com/whysmx/serial-server/frp.go:305.2,305.14 1 0
github.com/whysmx/serial-server/frp.go:309.80,311.16 2 0
github.com/whysmx/serial-server/frp.go:311.16,313.3 1 0
github.com/whysmx/serial-server/frp.go:315.2,321.29 6 0
github.com/whysmx/serial-server/frp.go:321.29,323.49 2 0
github.com/whysmx/serial-server/frp.go:323.49,324.12 1 0
github.com/whysmx/serial-server/frp.go:328.3,328.67 1 0
github.com/whysmx/serial-server/frp.go:328.67,331.12 3 0
github.com/whysmx/serial-server/frp.go:335.3,335.53 1 0
github.com/whysmx/serial-server/frp.go:335.53,337.12 2 0
github.com/whysmx/serial-server/frp.go:341.3,341.72 1 0
github.com/whysmx/serial-server/frp.go:341.72,344.37 3 0
github.com/whysmx/serial-server/frp.go:344.37,347.5 2 0
github.com/whysmx/serial-server/frp.go:351.2,351.36 1 0
github.com/whysmx/serial-server/frp.go:355.66,357.16 2 0
github.com/whysmx/serial-server/frp.go:357.16,359.3 1 0
github.com/whysmx/serial-server/frp.go:361.2,366.29 5 0
github.com/whysmx/serial-server/frp.go:366.29,370.67 2 0
github.com/whysmx/serial-server/frp.go:370.67,372.57 2 0
github.com/whysmx/serial-server/frp.go:372.57,375.13 3 0
github.com/whysmx/serial-server/frp.go:377.4,379.33 2 0
github.com/whysmx/serial-server/frp.go:382.3,382.27 1 0
github.com/whysmx/serial-server/frp.go:382.27,383.12 1 0
github.com/whysmx/serial-server/frp.go:387.3,387.53 1 0
github.com/whysmx/serial-server/frp.go:387.53,389.4 1 0
github.com/whysmx/serial-server/frp.go:391.3,391.36 1 0
github.com/whysmx/serial-server/frp.go:394.2,396.47 2 0
github.com/whysmx/serial-server/frp.go:396.47,398.3 1 0
github.com/whysmx/serial-server/frp.go:400.2,400.19 1 0
github.com/whysmx/serial-server/main.go:45.13,57.2 11 1
github.com/whysmx/serial-server/main.go:59.13,64.17 3 0
github.com/whysmx/serial-server/main.go:64.17,67.3 2 0
github.com/whysmx/serial-server/main.go:70.2,70.19 1 0
github.com/whysmx/serial-server/main.go:70.19,72.3 1 0
github.com/whysmx/serial-server/main.go:74.2,76.15 2 0
github.com/whysmx/serial-server/main.go:76.15,79.3 2 0
github.com/whysmx/serial-server/main.go:81.2,81.17 1 0
github.com/whysmx/serial-server/main.go:81.17,82.46 1 0
github.com/whysmx/serial-server/main.go:82.46,85.4 2 0
github.com/whysmx/serial-server/main.go:86.3,87.9 2 0
github.com/whysmx/serial-server/main.go:90.2,93.16 3 0
github.com/whysmx/serial-server/main.go:93.16,95.119 1 0
github.com/whysmx/serial-server/main.go:95.119,114.4 18 0
github.com/whysmx/serial-server/main.go:115.3,115.44 1 0
github.com/whysmx/serial-server/main.go:118.2,118.16 1 0
github.com/whysmx/serial-server/main.go:118.16,121.3 2 0
github.com/whysmx/serial-server/main.go:123.2,123.43 1 0
github.com/whysmx/serial-server/main.go:123.43,130.17 6 0
github.com/whysmx/serial-server/main.go:130.17,132.120 1 0
github.com/whysmx/serial-server/main.go:132.120,150.5 17 0
github.com/whysmx/serial-server/main.go:151.4,151.45 1 0
github.com/whysmx/serial-server/main.go:153.3,154.47 2 0
github.com/whysmx/serial-server/main.go:154.47,156.4 1 0
github.com/whysmx/serial-server/main.go:161.2,161.47 1 0
github.com/whysmx/serial-server/main.go:161.47,184.17 20 0
github.com/whysmx/serial-server/main.go:185.12,185.12 0 0
github.com/whysmx/serial-server/main.go:187.12,191.18 3 0
github.com/whysmx/serial-server/main.go:191.18,193.121 1 0
github.com/whysmx/serial-server/main.go:193.121,211.19 17 0
github.com/whysmx/serial-server/main.go:213.5,214.15 2 0
github.com/whysmx/serial-server/main.go:216.4,217.48 2 0
github.com/whysmx/serial-server/main.go:217.48,219.5 1 0
github.com/whysmx/serial-server/main.go:220.4,224.18 4 0
github.com/whysmx/serial-server/main.go:224.18,226.5 1 0
github.com/whysmx/serial-server/main.go:227.12,229.31 1 0
github.com/whysmx/serial-server/main.go:229.31,232.5 2 0
github.com/whysmx/serial-server/main.go:233.4,233.69 1 0
github.com/whysmx/serial-server/main.go:233.69,236.5 2 0
github.com/whysmx/serial-server/main.go:237.4,241.18 4 0
github.com/whysmx/serial-server/main.go:241.18,243.5 1 0
github.com/whysmx/serial-server/main.go:244.12,246.31 1 0
github.com/whysmx/serial-server/main.go:246.31,249.5 2 0
github.com/whysmx/serial-server/main.go:250.4,250.69 1 0
github.com/whysmx/serial-server/main.go:250.69,253.5 2 0
github.com/whysmx/serial-server/main.go:254.4,258.18 4 0
github.com/whysmx/serial-server/main.go:258.18,260.5 1 0
github.com/whysmx/serial-server/main.go:261.4,261.31 1 0
github.com/whysmx/serial-server/main.go:261.31,264.5 2 0
github.com/whysmx/serial-server/main.go:265.12,267.16 1 0
github.com/whysmx/serial-server/main.go:268.12,270.10 2 0
github.com/whysmx/serial-server/main.go:271.11,272.61 1 0
github.com/whysmx/serial-server/main.go:274.3,274.30 1 0
github.com/whysmx/serial-server/main.go:278.2,279.6 2 0
github.com/whysmx/serial-server/main.go:279.6,280.37 1 0
github.com/whysmx/serial-server/main.go:280.37,300.38 17 0
github.com/whysmx/serial-server/main.go:300.38,303.70 2 0
github.com/whysmx/serial-server/main.go:303.70,305.6 1 0
github.com/whysmx/serial-server/main.go:305.11,307.6 1 0
github.com/whysmx/serial-server/main.go:308.10,308.45 1 0
github.com/whysmx/serial-server/main.go:308.45,311.21 2 0
github.com/whysmx/serial-server/main.go:311.21,312.53 1 0
github.com/whysmx/serial-server/main.go:312.53,314.7 1 0
github.com/whysmx/serial-server/main.go:314.12,314.58 1 0
github.com/whysmx/serial-server/main.go:314.58,316.7 1 0
github.com/whysmx/serial-server/main.go:316.12,320.7 3 0
github.com/whysmx/serial-server/main.go:323.5,323.21 1 0
github.com/whysmx/serial-server/main.go:323.21,329.42 6 0
github.com/whysmx/serial-server/main.go:329.42,331.7 1 0
github.com/whysmx/serial-server/main.go:331.12,333.7 1 0
github.com/whysmx/serial-server/main.go:335.10,335.44 1 0
github.com/whysmx/serial-server/main.go:335.44,339.19 3 0
github.com/whysmx/serial-server/main.go:339.19,345.14 6 0
github.com/whysmx/serial-server/main.go:347.5,347.32 1 0
github.com/whysmx/serial-server/main.go:347.32,352.14 5 0
github.com/whysmx/serial-server/main.go:354.5,355.13 2 0
github.com/whysmx/serial-server/main.go:356.10,358.5 1 0
github.com/whysmx/serial-server/main.go:360.3,360.8 1 0
github.com/whysmx/serial-server/main.go:365.70,366.29 1 0
github.com/whysmx/serial-server/main.go:366.29,368.3 1 0
github.com/whysmx/serial-server/main.go:370.2,371.28 2 0
github.com/whysmx/serial-server/main.go:371.28,374.35 2 0
github.com/whysmx/serial-server/main.go:374.35,377.4 1 0
github.com/whysmx/serial-server/main.go:378.3,384.54 5 0
github.com/whysmx/serial-server/main.go:384.54,386.4 1 0
github.com/whysmx/serial-server/main.go:387.3,388.26 2 0
github.com/whysmx/serial-server/main.go:389.8,391.3 1 0
github.com/whysmx/serial-server/main.go:394.2,409.18 13 0
github.com/whysmx/serial-server/main.go:409.18,411.3 1 0
github.com/whysmx/serial-server/main.go:413.2,413.16 1 0
github.com/whysmx/serial-server/main.go:414.11,418.22 3 0
github.com/whysmx/serial-server/main.go:418.22,421.4 2 0
github.com/whysmx/serial-server/main.go:422.3,422.27 1 0
github.com/whysmx/serial-server/main.go:422.27,425.36 2 0
github.com/whysmx/serial-server/main.go:425.36,426.43 1 0
github.com/whysmx/serial-server/main.go:426.43,428.11 2 0
github.com/whysmx/serial-server/main.go:431.4,431.12 1 0
github.com/whysmx/serial-server/main.go:431.12,433.5 1 0
github.com/whysmx/serial-server/main.go:433.10,435.5 1 0
github.com/whysmx/serial-server/main.go:437.3,440.7 2 0
github.com/whysmx/serial-server/main.go:440.7,444.47 4 0
github.com/whysmx/serial-server/main.go:444.47,446.5 1 0
github.com/whysmx/serial-server/main.go:447.4,451.36 3 0
github.com/whysmx/serial-server/main.go:451.36,452.44 1 0
github.com/whysmx/serial-server/main.go:452.44,454.11 2 0
github.com/whysmx/serial-server/main.go:457.4,457.12 1 0
github.com/whysmx/serial-server/main.go:457.12,459.13 2 0
github.com/whysmx/serial-server/main.go:461.4,462.9 2 0
github.com/whysmx/serial-server/main.go:464.11,468.36 4 0
github.com/whysmx/serial-server/main.go:468.36,470.4 1 0
github.com/whysmx/serial-server/main.go:470.9,472.4 1 0
github.com/whysmx/serial-server/main.go:473.11,477.17 4 0
github.com/whysmx/serial-server/main.go:477.17,479.4 1 0
github.com/whysmx/serial-server/main.go:480.11,489.54 9 0
github.com/whysmx/serial-server/main.go:489.54,491.4 1 0
github.com/whysmx/serial-server/main.go:491.9,493.4 1 0
github.com/whysmx/serial-server/main.go:494.11,498.33 4 0
github.com/whysmx/serial-server/main.go:498.33,500.4 1 0
github.com/whysmx/serial-server/main.go:500.9,502.4 1 0
github.com/whysmx/serial-server/main.go:503.11,507.33 4 0
github.com/whysmx/serial-server/main.go:507.33,509.4 1 0
github.com/whysmx/serial-server/main.go:509.9,511.4 1 0
github.com/whysmx/serial-server/main.go:512.10,513.39 1 0
github.com/whysmx/serial-server/main.go:517.2,517.30 1 0
github.com/whysmx/serial-server/main.go:520.21,523.19 2 0
github.com/whysmx/serial-server/main.go:523.19,525.17 2 0
github.com/whysmx/serial-server/main.go:525.17,527.4 1 0
github.com/whysmx/serial-server/main.go:527.9,529.4 1 0
github.com/whysmx/serial-server/main.go:532.2,532.56 1 0
github.com/whysmx/serial-server/main.go:535.41,536.41 1 1
github.com/whysmx/serial-server/main.go:536.41,538.3 1 1
github.com/whysmx/serial-server/main.go:540.2,546.32 2 1
github.com/whysmx/serial-server/main.go:546.32,547.41 1 1
github.com/whysmx/serial-server/main.go:547.41,549.4 1 0
github.com/whysmx/serial-server/main.go:552.2,552.13 1 1
github.com/whysmx/serial-server/main.go:555.55,556.49 1 0
github.com/whysmx/serial-server/main.go:556.49,557.18 1 0
github.com/whysmx/serial-server/main.go:557.18,560.4 2 0
github.com/whysmx/serial-server/main.go:563.2,566.16 3 0
github.com/whysmx/serial-server/main.go:566.16,569.17 3 0
github.com/whysmx/serial-server/main.go:569.17,571.4 1 0
github.com/whysmx/serial-server/main.go:573.3,573.43 1 0
github.com/whysmx/serial-server/main.go:573.43,574.42 1 0
github.com/whysmx/serial-server/main.go:574.42,576.5 1 0
github.com/whysmx/serial-server/main.go:576.10,578.5 1 0
github.com/whysmx/serial-server/main.go:580.8,582.17 2 0
github.com/whysmx/serial-server/main.go:582.17,584.4 1 0
github.com/whysmx/serial-server/main.go:587.2,587.17 1 0
github.com/whysmx/serial-server/main.go:590.32,593.37 2 0
github.com/whysmx/serial-server/main.go:593.37,605.3 2 0
github.com/whysmx/serial-server/main.go:608.2,611.30 3 0
github.com/whysmx/serial-server/main.go:611.30,612.35 1 0
github.com/whysmx/serial-server/main.go:612.35,614.38 1 0
github.com/whysmx/serial-server/main.go:614.38,616.5 1 0
github.com/whysmx/serial-server/main.go:617.4,617.72 1 0
github.com/whysmx/serial-server/main.go:619.3,619.17 1 0
github.com/whysmx/serial-server/main.go:622.2,640.37 14 0
github.com/whysmx/serial-server/main.go:640.37,648.3 6 0
github.com/whysmx/serial-server/main.go:649.2,667.30 9 0
github.com/whysmx/serial-server/main.go:667.30,669.68 2 0
github.com/whysmx/serial-server/main.go:669.68,675.15 4 0
github.com/whysmx/serial-server/main.go:675.15,681.5 2 0
github.com/whysmx/serial-server/main.go:682.4,692.25 6 0
github.com/whysmx/serial-server/main.go:692.25,694.5 1 0
github.com/whysmx/serial-server/main.go:694.10,694.32 1 0
github.com/whysmx/serial-server/main.go:694.32,696.5 1 0
github.com/whysmx/serial-server/main.go:699.4,699.80 1 0
github.com/whysmx/serial-server/main.go:699.80,701.25 2 0
github.com/whysmx/serial-server/main.go:701.25,703.6 1 0
github.com/whysmx/serial-server/main.go:703.11,703.32 1 0
github.com/whysmx/serial-server/main.go:703.32,705.6 1 0
github.com/whysmx/serial-server/main.go:706.5,708.32 3 0
github.com/whysmx/serial-server/main.go:711.4,715.24 3 0
github.com/whysmx/serial-server/main.go:715.24,717.5 1 0
github.com/whysmx/serial-server/main.go:718.4,718.53 1 0
github.com/whysmx/serial-server/main.go:718.53,721.28 3 0
github.com/whysmx/serial-server/main.go:721.28,725.6 3 0
github.com/whysmx/serial-server/main.go:731.2,745.30 12 0
github.com/whysmx/serial-server/main.go:745.30,747.23 2 0
github.com/whysmx/serial-server/main.go:747.23,750.4 2 0
github.com/whysmx/serial-server/main.go:751.3,751.18 1 0
github.com/whysmx/serial-server/main.go:754.2,762.30 6 0
github.com/whysmx/serial-server/main.go:762.30,770.3 7 0
github.com/whysmx/serial-server/main.go:772.2,778.12 5 0
github.com/whysmx/serial-server/main.go:778.12,779.31 1 0
github.com/whysmx/serial-server/main.go:779.31,781.4 1 0
github.com/whysmx/serial-server/main.go:782.3,782.14 1 0
github.com/whysmx/serial-server/main.go:786.2,786.9 1 0
github.com/whysmx/serial-server/main.go:787.14,789.46 2 0
github.com/whysmx/serial-server/main.go:790.37,792.67 2 0
github.com/whysmx/serial-server/main.go:795.2,795.12 1 0
github.com/whysmx/serial-server/main.go:798.38,801.34 3 0
github.com/whysmx/serial-server/main.go:801.34,805.28 3 0
github.com/whysmx/serial-server/main.go:805.28,807.4 1 0
github.com/whysmx/serial-server/main.go:807.9,809.4 1 0
github.com/whysmx/serial-server/main.go:810.3,812.39 1 0
github.com/whysmx/serial-server/main.go:817.57,820.16 3 0
github.com/whysmx/serial-server/main.go:820.16,822.3 1 0
github.com/whysmx/serial-server/main.go:825.2,825.34 1 0
github.com/whysmx/serial-server/main.go:825.34,826.31 1 0
github.com/whysmx/serial-server/main.go:826.31,828.4 1 0
github.com/whysmx/serial-server/main.go:830.2,830.16 1 0
github.com/whysmx/serial-server/main.go:833.46,835.2 1 0
github.com/whysmx/serial-server/main.go:838.70,839.29 1 0
github.com/whysmx/serial-server/main.go:839.29,841.3 1 0
github.com/whysmx/serial-server/main.go:843.2,844.34 2 0
github.com/whysmx/serial-server/main.go:844.34,846.3 1 0
github.com/whysmx/serial-server/main.go:847.2,854.18 6 0
github.com/whysmx/serial-server/main.go:854.18,856.3 1 0
github.com/whysmx/serial-server/main.go:858.2,859.55 2 0
github.com/whysmx/serial-server/main.go:859.55,861.3 1 0
github.com/whysmx/serial-server/main.go:864.2,869.56 5 0
github.com/whysmx/serial-server/main.go:869.56,871.3 1 0
github.com/whysmx/serial-server/main.go:874.2,877.46 2 0
github.com/whysmx/serial-server/main.go:877.46,879.3 1 0
github.com/whysmx/serial-server/main.go:881.2,882.12 2 0
github.com/whysmx/serial-server/main.go:886.19,887.6 1 0
github.com/whysmx/serial-server/main.go:887.6,905.17 16 0
github.com/whysmx/serial-server/main.go:906.12,908.17 1 0
github.com/whysmx/serial-server/main.go:909.12,911.19 1 0
github.com/whysmx/serial-server/main.go:912.12,914.23 1 0
github.com/whysmx/serial-server/main.go:915.12,917.10 2 0
github.com/whysmx/serial-server/main.go:918.11,919.43 1 0
github.com/whysmx/serial-server/main.go:925.20,926.29 1 0
github.com/whysmx/serial-server/main.go:926.29,929.3 2 0
github.com/whysmx/serial-server/main.go:931.2,935.34 3 0
github.com/whysmx/serial-server/main.go:935.34,937.3 1 0
github.com/whysmx/serial-server/main.go:939.2,946.55 6 0
github.com/whysmx/serial-server/main.go:946.55,949.3 2 0
github.com/whysmx/serial-server/main.go:951.2,958.71 6 0
github.com/whysmx/serial-server/main.go:958.71,960.3 1 0
github.com/whysmx/serial-server/main.go:960.8,962.3 1 0
github.com/whysmx/serial-server/main.go:966.22,972.16 5 0
github.com/whysmx/serial-server/main.go:972.16,975.3 2 0
github.com/whysmx/serial-server/main.go:977.2,977.33 1 0
github.com/whysmx/serial-server/main.go:981.26,987.16 5 0
github.com/whysmx/serial-server/main.go:987.16,990.3 2 0
github.com/whysmx/serial-server/main.go:992.2,992.26 1 0
github.com/whysmx/serial-server/main.go:992.26,995.3 2 0
github.com/whysmx/serial-server/main.go:998.2,999.34 2 0
github.com/whysmx/serial-server/main.go:999.34,1001.3 1 0
github.com/whysmx/serial-server/main.go:1002.2,1007.56 5 0
github.com/whysmx/serial-server/main.go:1007.56,1010.3 2 0
github.com/whysmx/serial-server/main.go:1013.2,1014.34 2 0
github.com/whysmx/serial-server/main.go:1014.34,1015.62 1 0
github.com/whysmx/serial-server/main.go:1015.62,1017.4 1 0
github.com/whysmx/serial-server/main.go:1017.9,1019.4 1 0
github.com/whysmx/serial-server/main.go:1022.2,1022.22 1 0
github.com/whysmx/serial-server/main.go:1022.22,1024.3 1 0
github.com/whysmx/serial-server/main.go:1024.8,1026.3 1 0
github.com/whysmx/serial-server/main.go:1030.70,1032.37 2 1
github.com/whysmx/serial-server/main.go:1032.37,1034.3 1 1
github.com/whysmx/serial-server/main.go:1036.2,1041.29 5 1
github.com/whysmx/serial-server/main.go:1041.29,1044.73 2 1
github.com/whysmx/serial-server/main.go:1044.73,1046.25 1 1
github.com/whysmx/serial-server/main.go:1046.25,1048.5 1 1
github.com/whysmx/serial-server/main.go:1049.4,1052.26 3 1
github.com/whysmx/serial-server/main.go:1052.26,1054.5 1 1
github.com/whysmx/serial-server/main.go:1055.9,1055.31 1 1
github.com/whysmx/serial-server/main.go:1055.31,1057.12 1 1
github.com/whysmx/serial-server/main.go:1058.9,1060.4 1 1
github.com/whysmx/serial-server/main.go:1063.2,1063.54 1 1
github.com/whysmx/serial-server/main.go:1066.24,1071.21 4 0
github.com/whysmx/serial-server/main.go:1071.21,1074.3 2 0
github.com/whysmx/serial-server/main.go:1076.2,1076.26 1 0
github.com/whysmx/serial-server/main.go:1076.26,1078.3 1 0
github.com/whysmx/serial-server/main.go:1081.35,1087.35 3 0
github.com/whysmx/serial-server/main.go:1087.35,1090.3 2 0
github.com/whysmx/serial-server/main.go:1092.2,1092.14 1 0
github.com/whysmx/serial-server/main.go:1095.45,1096.27 1 1
github.com/whysmx/serial-server/main.go:1096.27,1098.3 1 1
github.com/whysmx/serial-server/main.go:1099.2,1099.28 1 1
github.com/whysmx/serial-server/main.go:1099.28,1101.3 1 1
github.com/whysmx/serial-server/main.go:1102.2,1102.30 1 1
github.com/whysmx/serial-server/main.go:1102.30,1104.3 1 1
github.com/whysmx/serial-server/main.go:1105.2,1105.23 1 1
github.com/whysmx/serial-server/main.go:1108.38,1109.43 1 1
github.com/whysmx/serial-server/main.go:1109.43,1110.35 1 1
github.com/whysmx/serial-server/main.go:1110.35,1112.4 1 1
github.com/whysmx/serial-server/main.go:1114.2,1114.14 1 1
github.com/whysmx/serial-server/main.go:1117.33,1119.16 2 0
github.com/whysmx/serial-server/main.go:1119.16,1121.3 1 0
github.com/whysmx/serial-server/main.go:1123.2,1123.29 1 0
github.com/whysmx/serial-server/main.go:1123.29,1125.3 1 0
github.com/whysmx/serial-server/main.go:1127.2,1127.34 1 0
github.com/whysmx/serial-server/main.go:1127.34,1128.25 1 0
github.com/whysmx/serial-server/main.go:1128.25,1130.4 1 0
github.com/whysmx/serial-server/main.go:1131.3,1131.48 1 0
github.com/whysmx/serial-server/main.go:1131.48,1133.4 1 0
github.com/whysmx/serial-server/main.go:1136.2,1136.12 1 0
github.com/whysmx/serial-server/main.go:1140.36,1142.2 1 1
github.com/whysmx/serial-server/wizard.go:28.26,32.2 1 0
github.com/whysmx/serial-server/wizard.go:35.52,43.17 5 0
github.com/whysmx/serial-server/wizard.go:43.17,46.35 3 0
github.com/whysmx/serial-server/wizard.go:46.35,48.4 1 0
github.com/whysmx/serial-server/wizard.go:49.3,53.52 4 0
github.com/whysmx/serial-server/wizard.go:53.52,55.4 1 0
github.com/whysmx/serial-server/wizard.go:56.3,56.16 1 0
github.com/whysmx/serial-server/wizard.go:60.2,63.21 4 0
github.com/whysmx/serial-server/wizard.go:63.21,66.3 2 0
github.com/whysmx/serial-server/wizard.go:68.2,70.26 3 0
github.com/whysmx/serial-server/wizard.go:70.26,72.3 1 0
github.com/whysmx/serial-server/wizard.go:73.2,77.6 3 0
github.com/whysmx/serial-server/wizard.go:77.6,80.37 3 0
github.com/whysmx/serial-server/wizard.go:80.37,81.9 1 0
github.com/whysmx/serial-server/wizard.go:84.3,85.50 2 0
github.com/whysmx/serial-server/wizard.go:85.50,90.4 4 0
github.com/whysmx/serial-server/wizard.go:92.3,94.35 3 0
github.com/whysmx/serial-server/wizard.go:94.35,96.4 1 0
github.com/whysmx/serial-server/wizard.go:97.3,101.52 4 0
github.com/whysmx/serial-server/wizard.go:101.52,102.9 1 0
github.com/whysmx/serial-server/wizard.go:107.2,114.17 7 0
github.com/whysmx/serial-server/wizard.go:118.59,124.28 4 0
github.com/whysmx/serial-server/wizard.go:124.28,127.35 3 0
github.com/whysmx/serial-server/wizard.go:127.35,129.4 1 0
github.com/whysmx/serial-server/wizard.go:130.3,132.16 3 0
github.com/whysmx/serial-server/wizard.go:136.2,136.27 1 0
github.com/whysmx/serial-server/wizard.go:140.60,144.21 3 0
github.com/whysmx/serial-server/wizard.go:144.21,147.3 2 0
github.com/whysmx/serial-server/wizard.go:149.2,151.26 3 0
github.com/whysmx/serial-server/wizard.go:151.26,154.35 2 0
github.com/whysmx/serial-server/wizard.go:154.35,155.30 1 0
github.com/whysmx/serial-server/wizard.go:155.30,157.10 2 0
github.com/whysmx/serial-server/wizard.go:160.3,160.11 1 0
github.com/whysmx/serial-server/wizard.go:160.11,162.4 1 0
github.com/whysmx/serial-server/wizard.go:162.9,164.4 1 0
github.com/whysmx/serial-server/wizard.go:166.2,169.6 2 0
github.com/whysmx/serial-server/wizard.go:169.6,172.37 3 0
github.com/whysmx/serial-server/wizard.go:172.37,173.9 1 0
github.com/whysmx/serial-server/wizard.go:176.3,177.50 2 0
github.com/whysmx/serial-server/wizard.go:177.50,181.36 2 0
github.com/whysmx/serial-server/wizard.go:181.36,182.29 1 0
github.com/whysmx/serial-server/wizard.go:182.29,185.11 3 0
github.com/whysmx/serial-server/wizard.go:189.4,189.18 1 0
github.com/whysmx/serial-server/wizard.go:189.18,190.13 1 0
github.com/whysmx/serial-server/wizard.go:193.4,195.70 3 0
github.com/whysmx/serial-server/wizard.go:198.3,200.35 3 0
github.com/whysmx/serial-server/wizard.go:200.35,202.4 1 0
github.com/whysmx/serial-server/wizard.go:203.3,207.52 4 0
github.com/whysmx/serial-server/wizard.go:207.52,208.9 1 0
github.com/whysmx/serial-server/wizard.go:213.2,220.17 7 0
github.com/whysmx/serial-server/wizard.go:224.54,229.47 4 0
github.com/whysmx/serial-server/wizard.go:229.47,231.3 1 0
github.com/whysmx/serial-server/wizard.go:233.2,233.26 1 0
github.com/whysmx/serial-server/wizard.go:237.80,255.36 6 0
github.com/whysmx/serial-server/wizard.go:255.36,256.78 1 0
github.com/whysmx/serial-server/wizard.go:256.78,258.4 1 0
github.com/whysmx/serial-server/wizard.go:260.2,264.36 3 0
github.com/whysmx/serial-server/wizard.go:264.36,265.61 1 0
github.com/whysmx/serial-server/wizard.go:265.61,267.4 1 0
github.com/whysmx/serial-server/wizard.go:269.2,278.15 8 0
github.com/whysmx/serial-server/wizard.go:278.15,280.51 2 0
github.com/whysmx/serial-server/wizard.go:280.51,282.4 1 0
github.com/whysmx/serial-server/wizard.go:284.2,288.36 3 0
github.com/whysmx/serial-server/wizard.go:288.36,289.75 1 0
github.com/whysmx/serial-server/wizard.go:289.75,291.4 1 0
github.com/whysmx/serial-server/wizard.go:293.2,297.36 3 0
github.com/whysmx/serial-server/wizard.go:297.36,298.75 1 0
github.com/whysmx/serial-server/wizard.go:298.75,300.4 1 0
github.com/whysmx/serial-server/wizard.go:302.2,312.13 9 0
github.com/whysmx/serial-server/wizard.go:313.11,314.27 1 0
github.com/whysmx/serial-server/wizard.go:315.11,316.29 1 0
github.com/whysmx/serial-server/wizard.go:317.11,318.26 1 0
github.com/whysmx/serial-server/wizard.go:320.2,325.10 3 0
github.com/whysmx/serial-server/wizard.go:329.41,335.35 3 0
github.com/whysmx/serial-server/wizard.go:335.35,338.3 2 0
github.com/whysmx/serial-server/wizard.go:340.2,340.14 1 0
github.com/whysmx/serial-server/wizard.go:345.36,349.2 3 0
github.com/whysmx/serial-server/wizard.go:352.46,354.16 2 0
github.com/whysmx/serial-server/wizard.go:354.16,356.3 1 0
github.com/whysmx/serial-server/wizard.go:357.2,358.16 2 0
github.com/whysmx/serial-server/wizard.go:358.16,360.3 1 0
github.com/whysmx/serial-server/wizard.go:361.2,361.12 1 0
github.com/whysmx/serial-server/wizard.go:365.58,377.26 9 0
github.com/whysmx/serial-server/wizard.go:377.26,379.3 1 0
github.com/whysmx/serial-server/wizard.go:380.2,382.21 2 0
github.com/whysmx/serial-server/wizard.go:382.21,387.17 5 0
github.com/whysmx/serial-server/wizard.go:387.17,389.4 1 0
github.com/whysmx/serial-server/wizard.go:390.3,390.19 1 0
github.com/whysmx/serial-server/wizard.go:393.2,394.26 2 0
github.com/whysmx/serial-server/wizard.go:394.26,396.3 1 0
github.com/whysmx/serial-server/wizard.go:397.2,403.47 5 0
github.com/whysmx/serial-server/wizard.go:403.47,405.3 1 0
github.com/whysmx/serial-server/wizard.go:407.2,407.31 1 0
github.com/whysmx/serial-server/wizard.go:411.33,414.2 2 0
github.com/whysmx/serial-server/wizard.go:417.44,422.34 4 0
github.com/whysmx/serial-server/wizard.go:422.34,432.3 9 0
github.com/whysmx/serial-server/listener/issue_log.go:18.35,19.28 1 0
github.com/whysmx/serial-server/listener/issue_log.go:19.28,21.17 2 0
github.com/whysmx/serial-server/listener/issue_log.go:21.17,25.4 3 0
github.com/whysmx/serial-server/listener/issue_log.go:26.3,26.72 1 0
github.com/whysmx/serial-server/listener/issue_log.go:28.2,28.20 1 0
github.com/whysmx/serial-server/listener/issue_log.go:31.44,33.2 1 0
github.com/whysmx/serial-server/listener/issue_log.go:35.89,36.19 1 0
github.com/whysmx/serial-server/listener/issue_log.go:36.19,39.3 2 0
github.com/whysmx/serial-server/listener/issue_log.go:41.2,44.48 4 0
github.com/whysmx/serial-server/listener/issue_log.go:44.48,47.3 2 0
github.com/whysmx/serial-server/listener/issue_log.go:48.2,51.28 3 0
github.com/whysmx/serial-server/listener/listener.go:79.162,96.2 1 1
github.com/whysmx/serial-server/listener/listener.go:99.34,103.60 2 1
github.com/whysmx/serial-server/listener/listener.go:103.60,105.3 1 0
github.com/whysmx/serial-server/listener/listener.go:108.2,115.16 4 1
github.com/whysmx/serial-server/listener/listener.go:115.16,117.3 1 1
github.com/whysmx/serial-server/listener/listener.go:120.2,125.16 4 0
github.com/whysmx/serial-server/listener/listener.go:125.16,129.3 3 0
github.com/whysmx/serial-server/listener/listener.go:131.2,138.12 4 0
github.com/whysmx/serial-server/listener/listener.go:142.27,145.26 2 0
github.com/whysmx/serial-server/listener/listener.go:145.26,147.3 1 0
github.com/whysmx/serial-server/listener/listener.go:149.2,150.33 2 0
github.com/whysmx/serial-server/listener/listener.go:150.33,152.3 1 0
github.com/whysmx/serial-server/listener/listener.go:153.2,155.25 2 0
github.com/whysmx/serial-server/listener/listener.go:155.25,157.3 1 0
github.com/whysmx/serial-server/listener/listener.go:159.2,159.21 1 0
github.com/whysmx/serial-server/listener/listener.go:159.21,161.3 1 0
github.com/whysmx/serial-server/listener/listener.go:163.2,164.45 2 0
github.com/whysmx/serial-server/listener/listener.go:168.33,169.15 1 0
github.com/whysmx/serial-server/listener/listener.go:169.15,171.3 1 0
github.com/whysmx/serial-server/listener/listener.go:173.2,173.6 1 0
github.com/whysmx/serial-server/listener/listener.go:173.6,174.10 1 0
github.com/whysmx/serial-server/listener/listener.go:175.21,176.10 1 0
github.com/whysmx/serial-server/listener/listener.go:177.11,177.11 0 0
github.com/whysmx/serial-server/listener/listener.go:180.3,181.17 2 0
github.com/whysmx/serial-server/listener/listener.go:181.17,182.31 1 0
github.com/whysmx/serial-server/listener/listener.go:182.31,184.13 2 0
github.com/whysmx/serial-server/listener/listener.go:186.4,186.28 1 0
github.com/whysmx/serial-server/listener/listener.go:186.28,188.5 1 0
github.com/whysmx/serial-server/listener/listener.go:189.4,190.10 2 0
github.com/whysmx/serial-server/listener/listener.go:193.3,193.30 1 0
github.com/whysmx/serial-server/listener/listener.go:198.53,201.2 2 1
github.com/whysmx/serial-server/listener/listener.go:204.55,213.2 5 0
github.com/whysmx/serial-server/listener/listener.go:216.61,229.15 8 0
github.com/whysmx/serial-server/listener/listener.go:229.15,231.35 2 0
github.com/whysmx/serial-server/listener/listener.go:231.35,238.4 5 0
github.com/whysmx/serial-server/listener/listener.go:238.9,240.4 1 0
github.com/whysmx/serial-server/listener/listener.go:241.3,241.15 1 0
github.com/whysmx/serial-server/listener/listener.go:244.2,245.6 2 0
github.com/whysmx/serial-server/listener/listener.go:245.6,246.10 1 0
github.com/whysmx/serial-server/listener/listener.go:247.21,248.10 1 0
github.com/whysmx/serial-server/listener/listener.go:249.11,249.11 0 0
github.com/whysmx/serial-server/listener/listener.go:252.3,255.17 3 0
github.com/whysmx/serial-server/listener/listener.go:255.17,256.31 1 0
github.com/whysmx/serial-server/listener/listener.go:256.31,257.13 1 0
github.com/whysmx/serial-server/listener/listener.go:259.4,259.53 1 0
github.com/whysmx/serial-server/listener/listener.go:259.53,261.5 1 0
github.com/whysmx/serial-server/listener/listener.go:262.4,262.10 1 0
github.com/whysmx/serial-server/listener/listener.go:265.3,265.12 1 0
github.com/whysmx/serial-server/listener/listener.go:265.12,283.24 10 0
github.com/whysmx/serial-server/listener/listener.go:283.24,285.28 2 0
github.com/whysmx/serial-server/listener/listener.go:285.28,293.6 4 0
github.com/whysmx/serial-server/listener/listener.go:300.51,302.2 1 1
github.com/whysmx/serial-server/listener/listener.go:304.38,305.43 1 1
github.com/whysmx/serial-server/listener/listener.go:305.43,306.35 1 1
github.com/whysmx/serial-server/listener/listener.go:306.35,308.4 1 1
github.com/whysmx/serial-server/listener/listener.go:310.2,310.14 1 1
github.com/whysmx/serial-server/listener/listener.go:314.37,315.21 1 0
github.com/whysmx/serial-server/listener/listener.go:315.21,317.3 1 0
github.com/whysmx/serial-server/listener/listener.go:319.2,321.6 2 0
github.com/whysmx/serial-server/listener/listener.go:321.6,322.10 1 0
github.com/whysmx/serial-server/listener/listener.go:323.21,324.10 1 0
github.com/whysmx/serial-server/listener/listener.go:325.11,325.11 0 0
github.com/whysmx/serial-server/listener/listener.go:328.3,330.17 2 0
github.com/whysmx/serial-server/listener/listener.go:330.17,332.81 1 0
github.com/whysmx/serial-server/listener/listener.go:332.81,334.32 1 0
github.com/whysmx/serial-server/listener/listener.go:334.32,339.6 4 0
github.com/whysmx/serial-server/listener/listener.go:340.5,340.13 1 0
github.com/whysmx/serial-server/listener/listener.go:342.4,342.36 1 0
github.com/whysmx/serial-server/listener/listener.go:342.36,344.5 1 0
github.com/whysmx/serial-server/listener/listener.go:345.4,346.12 2 0
github.com/whysmx/serial-server/listener/listener.go:349.3,349.12 1 0
github.com/whysmx/serial-server/listener/listener.go:349.12,352.4 1 0
github.com/whysmx/serial-server/listener/listener.go:357.52,360.33 3 0
github.com/whysmx/serial-server/listener/listener.go:360.33,362.3 1 0
github.com/whysmx/serial-server/listener/listener.go:363.2,365.31 2 0
github.com/whysmx/serial-server/listener/listener.go:365.31,367.17 2 0
github.com/whysmx/serial-server/listener/listener.go:367.17,369.4 1 0
github.com/whysmx/serial-server/listener/listener.go:374.87,378.2 3 1
github.com/whysmx/serial-server/listener/listener.go:381.79,386.15 4 1
github.com/whysmx/serial-server/listener/listener.go:386.15,388.3 1 1
github.com/whysmx/serial-server/listener/listener.go:392.37,400.2 1 1
github.com/whysmx/serial-server/listener/listener.go:402.41,406.2 3 1
github.com/whysmx/serial-server/listener/listener.go:409.37,411.2 1 1
github.com/whysmx/serial-server/listener/listener.go:414.40,416.2 1 1
github.com/whysmx/serial-server/listener/listener.go:419.43,421.2 1 1
github.com/whysmx/serial-server/listener/listener.go:424.38,426.2 1 1
github.com/whysmx/serial-server/listener/listener.go:429.53,431.2 1 1
github.com/whysmx/serial-server/listener/listener.go:434.40,436.2 1 1
github.com/whysmx/serial-server/listener/listener.go:439.38,441.2 1 1
github.com/whysmx/serial-server/listener/listener.go:444.38,446.2 1 1
github.com/whysmx/serial-server/listener/listener.go:449.39,451.2 1 1
github.com/whysmx/serial-server/listener/listener.go:454.65,455.16 1 1
github.com/whysmx/serial-server/listener/listener.go:456.17,459.38 2 1
github.com/whysmx/serial-server/listener/listener.go:459.38,461.23 2 1
github.com/whysmx/serial-server/listener/listener.go:461.23,463.5 1 1
github.com/whysmx/serial-server/listener/listener.go:464.4,465.29 2 1
github.com/whysmx/serial-server/listener/listener.go:465.29,466.14 1 1
github.com/whysmx/serial-server/listener/listener.go:466.14,468.6 1 1
github.com/whysmx/serial-server/listener/listener.go:469.5,469.41 1 1
github.com/whysmx/serial-server/listener/listener.go:471.4,471.33 1 1
github.com/whysmx/serial-server/listener/listener.go:473.3,473.36 1 1
github.com/whysmx/serial-server/listener/listener.go:474.10,477.26 2 1
github.com/whysmx/serial-server/listener/listener.go:477.26,478.27 1 1
github.com/whysmx/serial-server/listener/listener.go:478.27,480.5 1 1
github.com/whysmx/serial-server/listener/listener.go:480.10,480.43 1 1
github.com/whysmx/serial-server/listener/listener.go:480.43,482.5 1 0
github.com/whysmx/serial-server/listener/listener.go:482.10,484.5 1 1
github.com/whysmx/serial-server/listener/listener.go:486.3,486.21 1 1
github.com/whysmx/serial-server/listener/listener.go:491.72,492.16 1 1
github.com/whysmx/serial-server/listener/listener.go:493.17,496.26 2 1
github.com/whysmx/serial-server/listener/listener.go:496.26,498.4 1 1
github.com/whysmx/serial-server/listener/listener.go:499.3,499.35 1 1
github.com/whysmx/serial-server/listener/listener.go:500.10,503.26 2 1
github.com/whysmx/serial-server/listener/listener.go:503.26,504.27 1 1
github.com/whysmx/serial-server/listener/listener.go:504.27,506.5 1 1
github.com/whysmx/serial-server/listener/listener.go:506.10,506.43 1 1
github.com/whysmx/serial-server/listener/listener.go:506.43,508.5 1 0
github.com/whysmx/serial-server/listener/listener.go:508.10,510.5 1 1
github.com/whysmx/serial-server/listener/listener.go:512.3,512.21 1 1
github.com/whysmx/serial-server/listener/queue.go:29.38,33.2 1 1
github.com/whysmx/serial-server/listener/queue.go:36.56,41.12 4 1
github.com/whysmx/serial-server/listener/queue.go:41.12,43.3 1 1
github.com/whysmx/serial-server/listener/queue.go:46.2,46.38 1 1
github.com/whysmx/serial-server/listener/queue.go:46.38,49.3 1 1
github.com/whysmx/serial-server/listener/queue.go:51.2,51.25 1 1
github.com/whysmx/serial-server/listener/queue.go:55.54,57.2 1 1
github.com/whysmx/serial-server/listener/queue.go:60.80,68.2 3 1
github.com/whysmx/serial-server/listener/queue.go:71.41,76.35 4 1
github.com/whysmx/serial-server/listener/queue.go:76.35,77.32 1 1
github.com/whysmx/serial-server/listener/queue.go:77.32,79.4 1 1
github.com/whysmx/serial-server/listener/queue.go:96.58,97.23 1 1
github.com/whysmx/serial-server/listener/queue.go:97.23,99.3 1 0
github.com/whysmx/serial-server/listener/queue.go:100.2,101.21 2 1
github.com/whysmx/serial-server/listener/queue.go:105.45,106.23 1 1
github.com/whysmx/serial-server/listener/queue.go:106.23,108.3 1 0
github.com/whysmx/serial-server/listener/queue.go:109.2,109.21 1 1
github.com/whysmx/serial-server/listener/queue.go:155.42,166.2 1 0
github.com/whysmx/serial-server/listener/queue.go:169.35,176.25 3 0
github.com/whysmx/serial-server/listener/queue.go:176.25,179.3 2 0
github.com/whysmx/serial-server/listener/queue.go:180.2,180.13 1 0
github.com/whysmx/serial-server/listener/queue.go:184.71,190.47 3 0
github.com/whysmx/serial-server/listener/queue.go:190.47,194.3 3 0
github.com/whysmx/serial-server/listener/queue.go:196.2,200.47 3 0
github.com/whysmx/serial-server/listener/queue.go:200.47,204.3 3 0
github.com/whysmx/serial-server/listener/queue.go:207.2,207.41 1 0
github.com/whysmx/serial-server/listener/queue.go:207.41,219.3 4 0
github.com/whysmx/serial-server/listener/queue.go:222.2,239.25 5 0
github.com/whysmx/serial-server/listener/queue.go:239.25,241.3 1 0
github.com/whysmx/serial-server/listener/queue.go:243.2,243.15 1 0
github.com/whysmx/serial-server/listener/queue.go:249.56,250.21 1 0
github.com/whysmx/serial-server/listener/queue.go:250.21,252.3 1 0
github.com/whysmx/serial-server/listener/queue.go:256.2,257.48 2 0
github.com/whysmx/serial-server/listener/queue.go:257.48,260.3 2 0
github.com/whysmx/serial-server/listener/queue.go:261.2,261.41 1 0
github.com/whysmx/serial-server/listener/queue.go:261.41,265.3 2 0
github.com/whysmx/serial-server/listener/queue.go:268.2,278.48 5 0
github.com/whysmx/serial-server/listener/queue.go:278.48,281.3 2 0
github.com/whysmx/serial-server/listener/queue.go:283.2,283.16 1 0
github.com/whysmx/serial-server/listener/queue.go:283.16,297.33 9 0
github.com/whysmx/serial-server/listener/queue.go:297.33,299.4 1 0
github.com/whysmx/serial-server/listener/queue.go:302.3,308.25 5 0
github.com/whysmx/serial-server/listener/queue.go:308.25,310.4 1 0
github.com/whysmx/serial-server/listener/queue.go:312.3,318.33 4 0
github.com/whysmx/serial-server/listener/queue.go:318.33,320.4 1 0
github.com/whysmx/serial-server/listener/queue.go:323.3,323.21 1 0
github.com/whysmx/serial-server/listener/queue.go:323.21,325.4 1 0
github.com/whysmx/serial-server/listener/queue.go:326.3,326.9 1 0
github.com/whysmx/serial-server/listener/queue.go:330.2,333.15 4 0
github.com/whysmx/serial-server/listener/queue.go:338.48,341.31 2 0
github.com/whysmx/serial-server/listener/queue.go:341.31,344.3 2 0
github.com/whysmx/serial-server/listener/queue.go:346.2,350.25 3 0
github.com/whysmx/serial-server/listener/queue.go:350.25,353.3 2 0
github.com/whysmx/serial-server/listener/queue.go:356.2,357.30 2 0
github.com/whysmx/serial-server/listener/queue.go:357.30,360.37 1 0
github.com/whysmx/serial-server/listener/queue.go:360.37,363.4 2 0
github.com/whysmx/serial-server/listener/queue.go:364.3,365.9 2 0
github.com/whysmx/serial-server/listener/queue.go:369.2,369.25 1 0
github.com/whysmx/serial-server/listener/queue.go:369.25,372.3 2 0
github.com/whysmx/serial-server/listener/queue.go:375.2,378.24 2 0
github.com/whysmx/serial-server/listener/queue.go:378.24,381.26 1 0
github.com/whysmx/serial-server/listener/queue.go:381.26,382.11 1 0
github.com/whysmx/serial-server/listener/queue.go:383.25,383.25 0 0
github.com/whysmx/serial-server/listener/queue.go:384.12,384.12 0 0
github.com/whysmx/serial-server/listener/queue.go:387.3,387.38 1 0
github.com/whysmx/serial-server/listener/queue.go:388.8,392.3 2 0
github.com/whysmx/serial-server/listener/queue.go:397.42,398.6 1 0
github.com/whysmx/serial-server/listener/queue.go:398.6,399.10 1 0
github.com/whysmx/serial-server/listener/queue.go:400.26,401.10 1 0
github.com/whysmx/serial-server/listener/queue.go:402.24,403.10 1 0
github.com/whysmx/serial-server/listener/queue.go:404.34,408.20 4 0
github.com/whysmx/serial-server/listener/queue.go:408.20,411.5 1 0
github.com/whysmx/serial-server/listener/queue.go:412.4,412.18 1 0
github.com/whysmx/serial-server/listener/queue.go:413.7,416.48 2 0
github.com/whysmx/serial-server/listener/queue.go:416.48,418.5 1 0
github.com/whysmx/serial-server/listener/queue.go:418.10,422.5 2 0
github.com/whysmx/serial-server/listener/queue.go:428.44,430.48 1 0
github.com/whysmx/serial-server/listener/queue.go:430.48,433.3 2 0
github.com/whysmx/serial-server/listener/queue.go:436.2,441.23 3 0
github.com/whysmx/serial-server/listener/queue.go:441.23,443.3 1 0
github.com/whysmx/serial-server/listener/queue.go:444.2,445.13 2 0
github.com/whysmx/serial-server/listener/queue.go:445.13,447.3 1 0
github.com/whysmx/serial-server/listener/queue.go:450.2,451.28 2 0
github.com/whysmx/serial-server/listener/queue.go:451.28,453.3 1 0
github.com/whysmx/serial-server/listener/queue.go:453.8,453.38 1 0
github.com/whysmx/serial-server/listener/queue.go:453.38,455.3 1 0
github.com/whysmx/serial-server/listener/queue.go:458.2,467.32 6 0
github.com/whysmx/serial-server/listener/queue.go:467.32,469.3 1 0
github.com/whysmx/serial-server/listener/queue.go:472.2,486.24 8 0
github.com/whysmx/serial-server/listener/queue.go:486.24,488.3 1 0
github.com/whysmx/serial-server/listener/queue.go:491.2,493.32 3 0
github.com/whysmx/serial-server/listener/queue.go:493.32,495.3 1 0
github.com/whysmx/serial-server/listener/queue.go:498.2,498.20 1 0
github.com/whysmx/serial-server/listener/queue.go:498.20,500.3 1 0
github.com/whysmx/serial-server/listener/queue.go:504.39,517.32 9 0
github.com/whysmx/serial-server/listener/queue.go:517.32,520.27 2 0
github.com/whysmx/serial-server/listener/queue.go:520.27,522.4 1 0
github.com/whysmx/serial-server/listener/queue.go:523.3,523.44 1 0
github.com/whysmx/serial-server/listener/queue.go:523.44,526.4 2 0
github.com/whysmx/serial-server/listener/queue.go:526.9,531.60 4 0
github.com/whysmx/serial-server/listener/queue.go:531.60,533.35 2 0
github.com/whysmx/serial-server/listener/queue.go:533.35,536.6 2 0
github.com/whysmx/serial-server/listener/queue.go:538.4,538.14 1 0
github.com/whysmx/serial-server/listener/queue.go:538.14,540.5 1 0
github.com/whysmx/serial-server/listener/queue.go:544.2,548.43 3 0
github.com/whysmx/serial-server/listener/queue.go:548.43,550.35 2 0
github.com/whysmx/serial-server/listener/queue.go:550.35,551.47 1 0
github.com/whysmx/serial-server/listener/queue.go:551.47,553.5 1 0
github.com/whysmx/serial-server/listener/queue.go:553.10,557.5 2 0
github.com/whysmx/serial-server/listener/queue.go:559.3,559.29 1 0
github.com/whysmx/serial-server/listener/queue.go:559.29,561.4 1 0
github.com/whysmx/serial-server/listener/queue.go:561.9,563.4 1 0
github.com/whysmx/serial-server/listener/queue.go:569.2,569.21 1 0
github.com/whysmx/serial-server/listener/queue.go:569.21,576.3 4 0
github.com/whysmx/serial-server/listener/queue.go:579.2,580.30 2 0
github.com/whysmx/serial-server/listener/queue.go:580.30,583.3 2 0
github.com/whysmx/serial-server/listener/queue.go:584.2,587.43 2 0
github.com/whysmx/serial-server/listener/queue.go:587.43,590.3 2 0
github.com/whysmx/serial-server/listener/queue.go:594.42,595.12 1 0
github.com/whysmx/serial-server/listener/queue.go:595.12,599.7 3 0
github.com/whysmx/serial-server/listener/queue.go:599.7,600.11 1 0
github.com/whysmx/serial-server/listener/queue.go:601.20,602.23 1 0
github.com/whysmx/serial-server/listener/queue.go:603.25,604.11 1 0
github.com/whysmx/serial-server/listener/queue.go:611.41,612.30 1 0
github.com/whysmx/serial-server/listener/queue.go:612.30,614.3 1 0
github.com/whysmx/serial-server/listener/queue.go:617.2,617.32 1 0
github.com/whysmx/serial-server/listener/queue.go:617.32,619.3 1 0
github.com/whysmx/serial-server/listener/queue.go:622.2,623.24 2 0
github.com/whysmx/serial-server/listener/queue.go:623.24,626.3 2 0
github.com/whysmx/serial-server/listener/queue.go:627.2,628.15 2 0
github.com/whysmx/serial-server/listener/serial.go:28.113,30.16 2 1
github.com/whysmx/serial-server/listener/serial.go:31.28,32.32 1 1
github.com/whysmx/serial-server/listener/serial.go:33.23,34.31 1 0
github.com/whysmx/serial-server/listener/serial.go:35.24,36.32 1 0
github.com/whysmx/serial-server/listener/serial.go:37.10,38.78 1 0
github.com/whysmx/serial-server/listener/serial.go:41.2,42.18 2 1
github.com/whysmx/serial-server/listener/serial.go:43.9,44.29 1 1
github.com/whysmx/serial-server/listener/serial.go:45.9,46.29 1 0
github.com/whysmx/serial-server/listener/serial.go:47.10,48.84 1 0
github.com/whysmx/serial-server/listener/serial.go:51.2,51.34 1 1
github.com/whysmx/serial-server/listener/serial.go:51.34,53.3 1 0
github.com/whysmx/serial-server/listener/serial.go:55.2,55.12 1 1
github.com/whysmx/serial-server/listener/serial.go:55.12,57.3 1 0
github.com/whysmx/serial-server/listener/serial.go:59.2,69.16 3 1
github.com/whysmx/serial-server/listener/serial.go:69.16,71.3 1 1
github.com/whysmx/serial-server/listener/serial.go:73.2,81.8 2 0
github.com/whysmx/serial-server/listener/serial.go:84.30,88.19 3 0
github.com/whysmx/serial-server/listener/serial.go:88.19,91.17 3 0
github.com/whysmx/serial-server/listener/serial.go:91.17,93.4 1 0
github.com/whysmx/serial-server/listener/serial.go:94.3,94.43 1 0
github.com/whysmx/serial-server/listener/serial.go:96.2,96.12 1 0
github.com/whysmx/serial-server/listener/serial.go:99.50,103.19 3 0
github.com/whysmx/serial-server/listener/serial.go:103.19,105.3 1 0
github.com/whysmx/serial-server/listener/serial.go:107.2,107.23 1 0
github.com/whysmx/serial-server/listener/serial.go:110.51,114.19 3 0
github.com/whysmx/serial-server/listener/serial.go:114.19,116.3 1 0
github.com/whysmx/serial-server/listener/serial.go:118.2,118.24 1 0
github.com/whysmx/serial-server/listener/serial.go:121.30,123.2 1 0
github.com/whysmx/serial-server/listener/serial.go:125.27,127.2 1 0
github.com/whysmx/serial-server/listener/serial.go:129.30,133.2 3 0
github.com/whysmx/serial-server/listener/serial.go:144.34,148.2 1 1
github.com/whysmx/serial-server/listener/serial.go:150.21,152.2 1 1
github.com/whysmx/serial-server/listener/serial.go:154.23,156.2 1 1
github.com/whysmx/serial-server/listener/serial.go:158.50,162.17 3 1
github.com/whysmx/serial-server/listener/serial.go:162.17,165.3 2 0
github.com/whysmx/serial-server/listener/serial.go:167.2,168.16 2 1
github.com/whysmx/serial-server/listener/serial.go:168.16,170.3 1 0
github.com/whysmx/serial-server/listener/serial.go:172.2,173.12 2 1
github.com/whysmx/serial-server/listener/serial.go:176.59,180.57 3 1
github.com/whysmx/serial-server/listener/serial.go:180.57,182.3 1 1
github.com/whysmx/serial-server/listener/serial.go:183.2,183.16 1 1
github.com/whysmx/serial-server/listener/serial.go:186.48,191.24 4 1
github.com/whysmx/serial-server/listener/serial.go:191.24,193.3 1 1
github.com/whysmx/serial-server/listener/serial.go:194.2,194.17 1 1
github.com/whysmx/serial-server/listener/serial.go:197.55,201.29 3 1
github.com/whysmx/serial-server/listener/serial.go:201.29,203.22 2 1
github.com/whysmx/serial-server/listener/serial.go:203.22,204.12 1 1
github.com/whysmx/serial-server/listener/serial.go:207.3,211.23 4 1
github.com/whysmx/serial-server/listener/serial.go:211.23,212.12 1 0
github.com/whysmx/serial-server/listener/serial.go:214.3,216.88 2 1
github.com/whysmx/serial-server/listener/serial.go:216.88,217.12 1 1
github.com/whysmx/serial-server/listener/serial.go:220.3,221.43 2 1
github.com/whysmx/serial-server/listener/serial.go:221.43,223.4 1 1
github.com/whysmx/serial-server/listener/serial.go:224.3,224.31 1 1
github.com/whysmx/serial-server/listener/serial.go:226.2,226.15 1 1
github.com/whysmx/serial-server/listener/serial.go:229.62,230.17 1 1
github.com/whysmx/serial-server/listener/serial.go:230.17,232.3 1 0
github.com/whysmx/serial-server/listener/serial.go:234.2,234.41 1 1
github.com/whysmx/serial-server/listener/serial.go:234.41,236.3 1 1
github.com/whysmx/serial-server/listener/serial.go:238.2,238.20 1 1
github.com/whysmx/serial-server/listener/serial.go:238.20,240.3 1 1
github.com/whysmx/serial-server/listener/serial.go:242.2,243.24 2 1
github.com/whysmx/serial-server/listener/serial.go:243.24,245.3 1 0
github.com/whysmx/serial-server/listener/serial.go:247.2,247.26 1 1
github.com/whysmx/serial-server/listener/serial.go:250.36,253.17 2 1
github.com/whysmx/serial-server/listener/serial.go:253.17,254.29 1 0
github.com/whysmx/serial-server/listener/serial.go:254.29,257.48 3 0
github.com/whysmx/serial-server/listener/serial.go:257.48,260.5 2 0
github.com/whysmx/serial-server/listener/serial.go:262.8,263.61 1 1
github.com/whysmx/serial-server/listener/serial.go:263.61,264.30 1 1
github.com/whysmx/serial-server/listener/serial.go:264.30,266.5 1 0
github.com/whysmx/serial-server/listener/serial.go:268.3,268.64 1 1
github.com/whysmx/serial-server/listener/serial.go:268.64,269.30 1 1
github.com/whysmx/serial-server/listener/serial.go:269.30,271.5 1 0
github.com/whysmx/serial-server/listener/serial.go:274.3,280.42 2 1
github.com/whysmx/serial-server/listener/serial.go:280.42,281.58 1 1
github.com/whysmx/serial-server/listener/serial.go:281.58,283.5 1 1
github.com/whysmx/serial-server/listener/serial.go:286.2,286.14 1 1
